2021-06-18T10:41:24: PM2 log: ===============================================================================
2021-06-18T10:41:24: PM2 log: --- New PM2 Daemon started ----------------------------------------------------
2021-06-18T10:41:24: PM2 log: Time                 : Fri Jun 18 2021 10:41:24 GMT+0000 (Coordinated Universal Time)
2021-06-18T10:41:24: PM2 log: PM2 version          : 5.1.0
2021-06-18T10:41:24: PM2 log: Node.js version      : 14.17.1
2021-06-18T10:41:24: PM2 log: Current arch         : x64
2021-06-18T10:41:24: PM2 log: PM2 home             : /home/zomlesh/.pm2
2021-06-18T10:41:24: PM2 log: PM2 PID file         : /home/zomlesh/.pm2/pm2.pid
2021-06-18T10:41:24: PM2 log: RPC socket file      : /home/zomlesh/.pm2/rpc.sock
2021-06-18T10:41:24: PM2 log: BUS socket file      : /home/zomlesh/.pm2/pub.sock
2021-06-18T10:41:24: PM2 log: Application log path : /home/zomlesh/.pm2/logs
2021-06-18T10:41:24: PM2 log: Worker Interval      : 30000
2021-06-18T10:41:24: PM2 log: Process dump file    : /home/zomlesh/.pm2/dump.pm2
2021-06-18T10:41:24: PM2 log: Concurrent actions   : 2
2021-06-18T10:41:24: PM2 log: SIGTERM timeout      : 1600
2021-06-18T10:41:24: PM2 log: ===============================================================================
2021-06-18T10:41:24: PM2 log: App [app:0] starting in -fork mode-
2021-06-18T10:41:24: PM2 log: App [app:0] online
2021-06-18T11:45:29: PM2 log: Stopping app:app id:0
2021-06-18T11:45:29: PM2 log: App [app:0] exited with code [0] via signal [SIGINT]
2021-06-18T11:45:29: PM2 log: pid=6278 msg=process killed
2021-06-18T11:45:29: PM2 log: App [app:0] starting in -fork mode-
2021-06-18T11:45:29: PM2 log: App [app:0] online
